<?xml version="1.0" encoding="UTF-8"?>
<testng-results skipped="0" failed="0" total="1" passed="1">
  <reporter-output>
  </reporter-output>
  <suite name="Default suite" duration-ms="18941" started-at="2015-04-21T03:32:10Z" finished-at="2015-04-21T03:32:29Z">
    <groups>
    </groups>
    <test name="Default test" duration-ms="18941" started-at="2015-04-21T03:32:10Z" finished-at="2015-04-21T03:32:29Z">
      <class name="org.utest.Tests">
        <test-method status="PASS" signature="setUp()[pri:0, instance:org.utest.Tests@6adca536]" name="setUp" is-config="true" duration-ms="6982" started-at="2015-04-20T23:32:10Z" finished-at="2015-04-20T23:32:17Z">
          <reporter-output>
          </reporter-output>
        </test-method> <!-- setUp -->
        <test-method status="PASS" signature="test_1()[pri:0, instance:org.utest.Tests@6adca536]" name="test_1" duration-ms="11078" started-at="2015-04-20T23:32:17Z" finished-at="2015-04-20T23:32:28Z">
          <reporter-output>
          </reporter-output>
        </test-method> <!-- test_1 -->
        <test-method status="PASS" signature="tearDown()[pri:0, instance:org.utest.Tests@6adca536]" name="tearDown" is-config="true" duration-ms="880" started-at="2015-04-20T23:32:28Z" finished-at="2015-04-20T23:32:29Z">
          <reporter-output>
          </reporter-output>
        </test-method> <!-- tearDown -->
      </class> <!-- org.utest.Tests -->
    </test> <!-- Default test -->
  </suite> <!-- Default suite -->
</testng-results>
